# JRE version: OpenJDK Runtime Environment (17.0.2+8) (build 17.0.2+8-86)
# Java VM: OpenJDK 64-Bit Server VM (17.0.2+8-86, mixed mode, sharing, tiered, compressed oops, compressed class ptrs, g1 gc, windows-amd64)
GC Precious Log:
 CPUs: 4 total, 4 available
 Memory: 8067M
 Large Page Support: Disabled
 NUMA Support: Disabled
 Compressed Oops: Enabled (32-bit)
 Heap Region Size: 1M
 Heap Min Capacity: 8M
 Heap Initial Capacity: 128M
 Heap Max Capacity: 2018M
 Pre-touch: Disabled
 Parallel Workers: 4
 Concurrent Workers: 1
 Concurrent Refinement Workers: 4
 Periodic GC: Disabled
Heap:
 garbage-first heap   total 235520K, used 171952K [0x0000000081e00000, 0x0000000100000000)
  region size 1024K, 55 young (56320K), 1 survivors (1024K)
 Metaspace       used 63731K, committed 64576K, reserved 1105920K
  class space    used 7673K, committed 8000K, reserved 1048576K
GC Heap History (20 events):
Event: 48.282 GC heap before
{Heap before GC invocations=34 (full 0):
 garbage-first heap   total 217088K, used 129796K [0x0000000081e00000, 0x0000000100000000)
  region size 1024K, 10 young (10240K), 5 survivors (5120K)
 Metaspace       used 56349K, committed 56960K, reserved 1105920K
  class space    used 7114K, committed 7424K, reserved 1048576K
}
Event: 48.293 GC heap after
{Heap after GC invocations=35 (full 0):
 garbage-first heap   total 217088K, used 120601K [0x0000000081e00000, 0x0000000100000000)
  region size 1024K, 1 young (1024K), 1 survivors (1024K)
 Metaspace       used 56349K, committed 56960K, reserved 1105920K
  class space    used 7114K, committed 7424K, reserved 1048576K
}
Event: 56.796 GC heap before
{Heap before GC invocations=35 (full 0):
 garbage-first heap   total 217088K, used 150297K [0x0000000081e00000, 0x0000000100000000)
  region size 1024K, 32 young (32768K), 1 survivors (1024K)
 Metaspace       used 57570K, committed 58112K, reserved 1105920K
  class space    used 7218K, committed 7488K, reserved 1048576K
}
Event: 56.800 GC heap after
{Heap after GC invocations=36 (full 0):
 garbage-first heap   total 217088K, used 123481K [0x0000000081e00000, 0x0000000100000000)
  region size 1024K, 4 young (4096K), 4 survivors (4096K)
 Metaspace       used 57570K, committed 58112K, reserved 1105920K
  class space    used 7218K, committed 7488K, reserved 1048576K
}
Event: 57.969 GC heap before
{Heap before GC invocations=37 (full 0):
 garbage-first heap   total 235520K, used 173657K [0x0000000081e00000, 0x0000000100000000)
  region size 1024K, 51 young (52224K), 4 survivors (4096K)
 Metaspace       used 62466K, committed 63040K, reserved 1105920K
  class space    used 7638K, committed 7872K, reserved 1048576K
}
Event: 57.976 GC heap after
{Heap after GC invocations=38 (full 0):
 garbage-first heap   total 235520K, used 124154K [0x0000000081e00000, 0x0000000100000000)
  region size 1024K, 5 young (5120K), 5 survivors (5120K)
 Metaspace       used 62466K, committed 63040K, reserved 1105920K
  class space    used 7638K, committed 7872K, reserved 1048576K
}
Event: 58.124 GC heap before
{Heap before GC invocations=38 (full 0):
 garbage-first heap   total 235520K, used 130298K [0x0000000081e00000, 0x0000000100000000)
  region size 1024K, 11 young (11264K), 5 survivors (5120K)
 Metaspace       used 62610K, committed 63168K, reserved 1105920K
  class space    used 7650K, committed 7872K, reserved 1048576K
}
Event: 58.130 GC heap after
{Heap after GC invocations=39 (full 0):
 garbage-first heap   total 235520K, used 121492K [0x0000000081e00000, 0x0000000100000000)
  region size 1024K, 1 young (1024K), 1 survivors (1024K)
 Metaspace       used 62610K, committed 63168K, reserved 1105920K
  class space    used 7650K, committed 7872K, reserved 1048576K
}
Event: 66.415 GC heap before
{Heap before GC invocations=39 (full 0):
 garbage-first heap   total 235520K, used 189076K [0x0000000081e00000, 0x0000000100000000)
  region size 1024K, 67 young (68608K), 1 survivors (1024K)
 Metaspace       used 63175K, committed 63808K, reserved 1105920K
  class space    used 7709K, committed 8000K, reserved 1048576K
}
Event: 66.419 GC heap after
{Heap after GC invocations=40 (full 0):
 garbage-first heap   total 235520K, used 121966K [0x0000000081e00000, 0x0000000100000000)
  region size 1024K, 1 young (1024K), 1 survivors (1024K)
 Metaspace       used 63175K, committed 63808K, reserved 1105920K
  class space    used 7709K, committed 8000K, reserved 1048576K
}
Event: 105.758 GC heap before
{Heap before GC invocations=41 (full 0):
 garbage-first heap   total 235520K, used 192622K [0x0000000081e00000, 0x0000000100000000)
  region size 1024K, 70 young (71680K), 1 survivors (1024K)
 Metaspace       used 63570K, committed 64192K, reserved 1105920K
  class space    used 7725K, committed 8000K, reserved 1048576K
}
Event: 105.762 GC heap after
{Heap after GC invocations=42 (full 0):
 garbage-first heap   total 235520K, used 122329K [0x0000000081e00000, 0x0000000100000000)
  region size 1024K, 2 young (2048K), 2 survivors (2048K)
 Metaspace       used 63570K, committed 64192K, reserved 1105920K
  class space    used 7725K, committed 8000K, reserved 1048576K
}
Event: 106.178 GC heap before
{Heap before GC invocations=42 (full 0):
 garbage-first heap   total 235520K, used 131545K [0x0000000081e00000, 0x0000000100000000)
  region size 1024K, 11 young (11264K), 2 survivors (2048K)
 Metaspace       used 63578K, committed 64192K, reserved 1105920K
  class space    used 7725K, committed 8000K, reserved 1048576K
}
Event: 106.183 GC heap after
{Heap after GC invocations=43 (full 0):
 garbage-first heap   total 235520K, used 120224K [0x0000000081e00000, 0x0000000100000000)
  region size 1024K, 1 young (1024K), 1 survivors (1024K)
 Metaspace       used 63578K, committed 64192K, reserved 1105920K
  class space    used 7725K, committed 8000K, reserved 1048576K
}
Event: 4068.822 GC heap before
{Heap before GC invocations=43 (full 0):
 garbage-first heap   total 235520K, used 194976K [0x0000000081e00000, 0x0000000100000000)
  region size 1024K, 75 young (76800K), 1 survivors (1024K)
 Metaspace       used 63890K, committed 64448K, reserved 1105920K
  class space    used 7733K, committed 8000K, reserved 1048576K
}
Event: 4068.825 GC heap after
{Heap after GC invocations=44 (full 0):
 garbage-first heap   total 235520K, used 120886K [0x0000000081e00000, 0x0000000100000000)
  region size 1024K, 2 young (2048K), 2 survivors (2048K)
 Metaspace       used 63890K, committed 64448K, reserved 1105920K
  class space    used 7733K, committed 8000K, reserved 1048576K
}
Event: 4090.809 GC heap before
{Heap before GC invocations=45 (full 0):
 garbage-first heap   total 235520K, used 197686K [0x0000000081e00000, 0x0000000100000000)
  region size 1024K, 77 young (78848K), 2 survivors (2048K)
 Metaspace       used 63654K, committed 64512K, reserved 1105920K
  class space    used 7672K, committed 8000K, reserved 1048576K
}
Event: 4090.813 GC heap after
{Heap after GC invocations=46 (full 0):
 garbage-first heap   total 235520K, used 120500K [0x0000000081e00000, 0x0000000100000000)
  region size 1024K, 2 young (2048K), 2 survivors (2048K)
 Metaspace       used 63654K, committed 64512K, reserved 1105920K
  class space    used 7672K, committed 8000K, reserved 1048576K
}
Event: 4091.128 GC heap before
{Heap before GC invocations=46 (full 0):
 garbage-first heap   total 235520K, used 128692K [0x0000000081e00000, 0x0000000100000000)
  region size 1024K, 11 young (11264K), 2 survivors (2048K)
 Metaspace       used 63654K, committed 64512K, reserved 1105920K
  class space    used 7672K, committed 8000K, reserved 1048576K
}
Event: 4091.132 GC heap after
{Heap after GC invocations=47 (full 0):
 garbage-first heap   total 235520K, used 117680K [0x0000000081e00000, 0x0000000100000000)
  region size 1024K, 1 young (1024K), 1 survivors (1024K)
 Metaspace       used 63654K, committed 64512K, reserved 1105920K
  class space    used 7672K, committed 8000K, reserved 1048576K
}

